++++++++++++++++++++++++++++++++++++++++++++++++++++++++++++++++++++++++++++++++++++++
Working on dataset DYJetsToLL_M-10To50filter_8TeV-madgraph_Summer12-PU_S7_START52_V9-v1
++++++++++++++++++++++++++++++++++++++++++++++++++++++++++++++++++++++++++++++++++++++
split -l 20 -d -a 2 /tmp/uniq.DYJetsToLL_M-10To50filter_8TeV-madgraph_Summer12-PU_S7_START52_V9-v1.files.tmp DYJetsToLL_M-10To50filter_8TeV-madgraph_Summer12-PU_S7_START52_V9-v1_
# of root files in directory: 466
# of uniq files in directory: 466 /tmp/uniq.DYJetsToLL_M-10To50filter_8TeV-madgraph_Summer12-PU_S7_START52_V9-v1.files.tmp
# of files per list: 20
new list:   DYJetsToLL_M-10To50filter_8TeV-madgraph_Summer12-PU_S7_START52_V9-v1_00.list
new list:   DYJetsToLL_M-10To50filter_8TeV-madgraph_Summer12-PU_S7_START52_V9-v1_01.list
new list:   DYJetsToLL_M-10To50filter_8TeV-madgraph_Summer12-PU_S7_START52_V9-v1_02.list
new list:   DYJetsToLL_M-10To50filter_8TeV-madgraph_Summer12-PU_S7_START52_V9-v1_03.list
new list:   DYJetsToLL_M-10To50filter_8TeV-madgraph_Summer12-PU_S7_START52_V9-v1_04.list
new list:   DYJetsToLL_M-10To50filter_8TeV-madgraph_Summer12-PU_S7_START52_V9-v1_05.list
new list:   DYJetsToLL_M-10To50filter_8TeV-madgraph_Summer12-PU_S7_START52_V9-v1_06.list
new list:   DYJetsToLL_M-10To50filter_8TeV-madgraph_Summer12-PU_S7_START52_V9-v1_07.list
new list:   DYJetsToLL_M-10To50filter_8TeV-madgraph_Summer12-PU_S7_START52_V9-v1_08.list
new list:   DYJetsToLL_M-10To50filter_8TeV-madgraph_Summer12-PU_S7_START52_V9-v1_09.list
new list:   DYJetsToLL_M-10To50filter_8TeV-madgraph_Summer12-PU_S7_START52_V9-v1_10.list
new list:   DYJetsToLL_M-10To50filter_8TeV-madgraph_Summer12-PU_S7_START52_V9-v1_11.list
new list:   DYJetsToLL_M-10To50filter_8TeV-madgraph_Summer12-PU_S7_START52_V9-v1_12.list
new list:   DYJetsToLL_M-10To50filter_8TeV-madgraph_Summer12-PU_S7_START52_V9-v1_13.list
new list:   DYJetsToLL_M-10To50filter_8TeV-madgraph_Summer12-PU_S7_START52_V9-v1_14.list
new list:   DYJetsToLL_M-10To50filter_8TeV-madgraph_Summer12-PU_S7_START52_V9-v1_15.list
new list:   DYJetsToLL_M-10To50filter_8TeV-madgraph_Summer12-PU_S7_START52_V9-v1_16.list
new list:   DYJetsToLL_M-10To50filter_8TeV-madgraph_Summer12-PU_S7_START52_V9-v1_17.list
new list:   DYJetsToLL_M-10To50filter_8TeV-madgraph_Summer12-PU_S7_START52_V9-v1_18.list
new list:   DYJetsToLL_M-10To50filter_8TeV-madgraph_Summer12-PU_S7_START52_V9-v1_19.list
new list:   DYJetsToLL_M-10To50filter_8TeV-madgraph_Summer12-PU_S7_START52_V9-v1_20.list
new list:   DYJetsToLL_M-10To50filter_8TeV-madgraph_Summer12-PU_S7_START52_V9-v1_21.list
new list:   DYJetsToLL_M-10To50filter_8TeV-madgraph_Summer12-PU_S7_START52_V9-v1_22.list
new list:   DYJetsToLL_M-10To50filter_8TeV-madgraph_Summer12-PU_S7_START52_V9-v1_23.list
++++++++++++++++++++++++++++++++++++++++++++++++++++++++++++++++++++++++++++++++++++++
Working on dataset DYJetsToLL_M-50_TuneZ2Star_8TeV-madgraph-tarball_Summer12-PU_S7_START52_V9-v2
++++++++++++++++++++++++++++++++++++++++++++++++++++++++++++++++++++++++++++++++++++++
split -l 20 -d -a 2 /tmp/uniq.DYJetsToLL_M-50_TuneZ2Star_8TeV-madgraph-tarball_Summer12-PU_S7_START52_V9-v2.files.tmp DYJetsToLL_M-50_TuneZ2Star_8TeV-madgraph-tarball_Summer12-PU_S7_START52_V9-v2_
# of root files in directory: 530
# of uniq files in directory: 530 /tmp/uniq.DYJetsToLL_M-50_TuneZ2Star_8TeV-madgraph-tarball_Summer12-PU_S7_START52_V9-v2.files.tmp
# of files per list: 20
new list:   DYJetsToLL_M-50_TuneZ2Star_8TeV-madgraph-tarball_Summer12-PU_S7_START52_V9-v2_00.list
new list:   DYJetsToLL_M-50_TuneZ2Star_8TeV-madgraph-tarball_Summer12-PU_S7_START52_V9-v2_01.list
new list:   DYJetsToLL_M-50_TuneZ2Star_8TeV-madgraph-tarball_Summer12-PU_S7_START52_V9-v2_02.list
new list:   DYJetsToLL_M-50_TuneZ2Star_8TeV-madgraph-tarball_Summer12-PU_S7_START52_V9-v2_03.list
new list:   DYJetsToLL_M-50_TuneZ2Star_8TeV-madgraph-tarball_Summer12-PU_S7_START52_V9-v2_04.list
new list:   DYJetsToLL_M-50_TuneZ2Star_8TeV-madgraph-tarball_Summer12-PU_S7_START52_V9-v2_05.list
new list:   DYJetsToLL_M-50_TuneZ2Star_8TeV-madgraph-tarball_Summer12-PU_S7_START52_V9-v2_06.list
new list:   DYJetsToLL_M-50_TuneZ2Star_8TeV-madgraph-tarball_Summer12-PU_S7_START52_V9-v2_07.list
new list:   DYJetsToLL_M-50_TuneZ2Star_8TeV-madgraph-tarball_Summer12-PU_S7_START52_V9-v2_08.list
new list:   DYJetsToLL_M-50_TuneZ2Star_8TeV-madgraph-tarball_Summer12-PU_S7_START52_V9-v2_09.list
new list:   DYJetsToLL_M-50_TuneZ2Star_8TeV-madgraph-tarball_Summer12-PU_S7_START52_V9-v2_10.list
new list:   DYJetsToLL_M-50_TuneZ2Star_8TeV-madgraph-tarball_Summer12-PU_S7_START52_V9-v2_11.list
new list:   DYJetsToLL_M-50_TuneZ2Star_8TeV-madgraph-tarball_Summer12-PU_S7_START52_V9-v2_12.list
new list:   DYJetsToLL_M-50_TuneZ2Star_8TeV-madgraph-tarball_Summer12-PU_S7_START52_V9-v2_13.list
new list:   DYJetsToLL_M-50_TuneZ2Star_8TeV-madgraph-tarball_Summer12-PU_S7_START52_V9-v2_14.list
new list:   DYJetsToLL_M-50_TuneZ2Star_8TeV-madgraph-tarball_Summer12-PU_S7_START52_V9-v2_15.list
new list:   DYJetsToLL_M-50_TuneZ2Star_8TeV-madgraph-tarball_Summer12-PU_S7_START52_V9-v2_16.list
new list:   DYJetsToLL_M-50_TuneZ2Star_8TeV-madgraph-tarball_Summer12-PU_S7_START52_V9-v2_17.list
new list:   DYJetsToLL_M-50_TuneZ2Star_8TeV-madgraph-tarball_Summer12-PU_S7_START52_V9-v2_18.list
new list:   DYJetsToLL_M-50_TuneZ2Star_8TeV-madgraph-tarball_Summer12-PU_S7_START52_V9-v2_19.list
new list:   DYJetsToLL_M-50_TuneZ2Star_8TeV-madgraph-tarball_Summer12-PU_S7_START52_V9-v2_20.list
new list:   DYJetsToLL_M-50_TuneZ2Star_8TeV-madgraph-tarball_Summer12-PU_S7_START52_V9-v2_21.list
new list:   DYJetsToLL_M-50_TuneZ2Star_8TeV-madgraph-tarball_Summer12-PU_S7_START52_V9-v2_22.list
new list:   DYJetsToLL_M-50_TuneZ2Star_8TeV-madgraph-tarball_Summer12-PU_S7_START52_V9-v2_23.list
new list:   DYJetsToLL_M-50_TuneZ2Star_8TeV-madgraph-tarball_Summer12-PU_S7_START52_V9-v2_24.list
new list:   DYJetsToLL_M-50_TuneZ2Star_8TeV-madgraph-tarball_Summer12-PU_S7_START52_V9-v2_25.list
new list:   DYJetsToLL_M-50_TuneZ2Star_8TeV-madgraph-tarball_Summer12-PU_S7_START52_V9-v2_26.list
++++++++++++++++++++++++++++++++++++++++++++++++++++++++++++++++++++++++++++++++++++++
Working on dataset DiPhotonBorn_Pt-10To25_8TeV-pythia6_Summer12-PU_S7_START52_V9-v1
++++++++++++++++++++++++++++++++++++++++++++++++++++++++++++++++++++++++++++++++++++++
split -l 20 -d -a 2 /tmp/uniq.DiPhotonBorn_Pt-10To25_8TeV-pythia6_Summer12-PU_S7_START52_V9-v1.files.tmp DiPhotonBorn_Pt-10To25_8TeV-pythia6_Summer12-PU_S7_START52_V9-v1_
# of root files in directory: 34
# of uniq files in directory: 34 /tmp/uniq.DiPhotonBorn_Pt-10To25_8TeV-pythia6_Summer12-PU_S7_START52_V9-v1.files.tmp
# of files per list: 20
new list:   DiPhotonBorn_Pt-10To25_8TeV-pythia6_Summer12-PU_S7_START52_V9-v1_00.list
new list:   DiPhotonBorn_Pt-10To25_8TeV-pythia6_Summer12-PU_S7_START52_V9-v1_01.list
++++++++++++++++++++++++++++++++++++++++++++++++++++++++++++++++++++++++++++++++++++++
Working on dataset DiPhotonBorn_Pt-250ToInf_8TeV-pythia6_Summer12-PU_S7_START52_V9-v1
++++++++++++++++++++++++++++++++++++++++++++++++++++++++++++++++++++++++++++++++++++++
split -l 20 -d -a 2 /tmp/uniq.DiPhotonBorn_Pt-250ToInf_8TeV-pythia6_Summer12-PU_S7_START52_V9-v1.files.tmp DiPhotonBorn_Pt-250ToInf_8TeV-pythia6_Summer12-PU_S7_START52_V9-v1_
# of root files in directory: 34
# of uniq files in directory: 34 /tmp/uniq.DiPhotonBorn_Pt-250ToInf_8TeV-pythia6_Summer12-PU_S7_START52_V9-v1.files.tmp
# of files per list: 20
new list:   DiPhotonBorn_Pt-250ToInf_8TeV-pythia6_Summer12-PU_S7_START52_V9-v1_00.list
new list:   DiPhotonBorn_Pt-250ToInf_8TeV-pythia6_Summer12-PU_S7_START52_V9-v1_01.list
++++++++++++++++++++++++++++++++++++++++++++++++++++++++++++++++++++++++++++++++++++++
Working on dataset DiPhotonBorn_Pt-25To250_8TeV-pythia6_Summer12-PU_S7_START52_V9-v1
++++++++++++++++++++++++++++++++++++++++++++++++++++++++++++++++++++++++++++++++++++++
split -l 20 -d -a 2 /tmp/uniq.DiPhotonBorn_Pt-25To250_8TeV-pythia6_Summer12-PU_S7_START52_V9-v1.files.tmp DiPhotonBorn_Pt-25To250_8TeV-pythia6_Summer12-PU_S7_START52_V9-v1_
# of root files in directory: 34
# of uniq files in directory: 34 /tmp/uniq.DiPhotonBorn_Pt-25To250_8TeV-pythia6_Summer12-PU_S7_START52_V9-v1.files.tmp
# of files per list: 20
new list:   DiPhotonBorn_Pt-25To250_8TeV-pythia6_Summer12-PU_S7_START52_V9-v1_00.list
new list:   DiPhotonBorn_Pt-25To250_8TeV-pythia6_Summer12-PU_S7_START52_V9-v1_01.list
++++++++++++++++++++++++++++++++++++++++++++++++++++++++++++++++++++++++++++++++++++++
Working on dataset DiPhotonBox_Pt-10To25_8TeV-pythia6_Summer12-PU_S7_START52_V9-v1
++++++++++++++++++++++++++++++++++++++++++++++++++++++++++++++++++++++++++++++++++++++
split -l 20 -d -a 2 /tmp/uniq.DiPhotonBox_Pt-10To25_8TeV-pythia6_Summer12-PU_S7_START52_V9-v1.files.tmp DiPhotonBox_Pt-10To25_8TeV-pythia6_Summer12-PU_S7_START52_V9-v1_
# of root files in directory: 35
# of uniq files in directory: 35 /tmp/uniq.DiPhotonBox_Pt-10To25_8TeV-pythia6_Summer12-PU_S7_START52_V9-v1.files.tmp
# of files per list: 20
new list:   DiPhotonBox_Pt-10To25_8TeV-pythia6_Summer12-PU_S7_START52_V9-v1_00.list
new list:   DiPhotonBox_Pt-10To25_8TeV-pythia6_Summer12-PU_S7_START52_V9-v1_01.list
++++++++++++++++++++++++++++++++++++++++++++++++++++++++++++++++++++++++++++++++++++++
Working on dataset DiPhotonBox_Pt-250ToInf_8TeV-pythia6_Summer12-PU_S7_START52_V9-v1
++++++++++++++++++++++++++++++++++++++++++++++++++++++++++++++++++++++++++++++++++++++
split -l 20 -d -a 2 /tmp/uniq.DiPhotonBox_Pt-250ToInf_8TeV-pythia6_Summer12-PU_S7_START52_V9-v1.files.tmp DiPhotonBox_Pt-250ToInf_8TeV-pythia6_Summer12-PU_S7_START52_V9-v1_
# of root files in directory: 32
# of uniq files in directory: 32 /tmp/uniq.DiPhotonBox_Pt-250ToInf_8TeV-pythia6_Summer12-PU_S7_START52_V9-v1.files.tmp
# of files per list: 20
new list:   DiPhotonBox_Pt-250ToInf_8TeV-pythia6_Summer12-PU_S7_START52_V9-v1_00.list
new list:   DiPhotonBox_Pt-250ToInf_8TeV-pythia6_Summer12-PU_S7_START52_V9-v1_01.list
++++++++++++++++++++++++++++++++++++++++++++++++++++++++++++++++++++++++++++++++++++++
Working on dataset DiPhotonBox_Pt-25To250_8TeV-pythia6_Summer12-PU_S7_START52_V9-v1
++++++++++++++++++++++++++++++++++++++++++++++++++++++++++++++++++++++++++++++++++++++
split -l 20 -d -a 2 /tmp/uniq.DiPhotonBox_Pt-25To250_8TeV-pythia6_Summer12-PU_S7_START52_V9-v1.files.tmp DiPhotonBox_Pt-25To250_8TeV-pythia6_Summer12-PU_S7_START52_V9-v1_
# of root files in directory: 34
# of uniq files in directory: 34 /tmp/uniq.DiPhotonBox_Pt-25To250_8TeV-pythia6_Summer12-PU_S7_START52_V9-v1.files.tmp
# of files per list: 20
new list:   DiPhotonBox_Pt-25To250_8TeV-pythia6_Summer12-PU_S7_START52_V9-v1_00.list
new list:   DiPhotonBox_Pt-25To250_8TeV-pythia6_Summer12-PU_S7_START52_V9-v1_01.list
++++++++++++++++++++++++++++++++++++++++++++++++++++++++++++++++++++++++++++++++++++++
Working on dataset DiPhotonJets_8TeV-madgraph-tarball-v2_Summer12-PU_S7_START52_V9-v1
++++++++++++++++++++++++++++++++++++++++++++++++++++++++++++++++++++++++++++++++++++++
split -l 20 -d -a 2 /tmp/uniq.DiPhotonJets_8TeV-madgraph-tarball-v2_Summer12-PU_S7_START52_V9-v1.files.tmp DiPhotonJets_8TeV-madgraph-tarball-v2_Summer12-PU_S7_START52_V9-v1_
# of root files in directory: 77
# of uniq files in directory: 77 /tmp/uniq.DiPhotonJets_8TeV-madgraph-tarball-v2_Summer12-PU_S7_START52_V9-v1.files.tmp
# of files per list: 20
new list:   DiPhotonJets_8TeV-madgraph-tarball-v2_Summer12-PU_S7_START52_V9-v1_00.list
new list:   DiPhotonJets_8TeV-madgraph-tarball-v2_Summer12-PU_S7_START52_V9-v1_01.list
new list:   DiPhotonJets_8TeV-madgraph-tarball-v2_Summer12-PU_S7_START52_V9-v1_02.list
new list:   DiPhotonJets_8TeV-madgraph-tarball-v2_Summer12-PU_S7_START52_V9-v1_03.list
++++++++++++++++++++++++++++++++++++++++++++++++++++++++++++++++++++++++++++++++++++++
Working on dataset GJet_Pt-20to40_doubleEMEnriched_TuneZ2star_8TeV-pythia6_Summer12-PU_S7_START52_V9-v1
++++++++++++++++++++++++++++++++++++++++++++++++++++++++++++++++++++++++++++++++++++++
split -l 20 -d -a 2 /tmp/uniq.GJet_Pt-20to40_doubleEMEnriched_TuneZ2star_8TeV-pythia6_Summer12-PU_S7_START52_V9-v1.files.tmp GJet_Pt-20to40_doubleEMEnriched_TuneZ2star_8TeV-pythia6_Summer12-PU_S7_START52_V9-v1_
# of root files in directory: 198
# of uniq files in directory: 198 /tmp/uniq.GJet_Pt-20to40_doubleEMEnriched_TuneZ2star_8TeV-pythia6_Summer12-PU_S7_START52_V9-v1.files.tmp
# of files per list: 20
new list:   GJet_Pt-20to40_doubleEMEnriched_TuneZ2star_8TeV-pythia6_Summer12-PU_S7_START52_V9-v1_00.list
new list:   GJet_Pt-20to40_doubleEMEnriched_TuneZ2star_8TeV-pythia6_Summer12-PU_S7_START52_V9-v1_01.list
new list:   GJet_Pt-20to40_doubleEMEnriched_TuneZ2star_8TeV-pythia6_Summer12-PU_S7_START52_V9-v1_02.list
new list:   GJet_Pt-20to40_doubleEMEnriched_TuneZ2star_8TeV-pythia6_Summer12-PU_S7_START52_V9-v1_03.list
new list:   GJet_Pt-20to40_doubleEMEnriched_TuneZ2star_8TeV-pythia6_Summer12-PU_S7_START52_V9-v1_04.list
new list:   GJet_Pt-20to40_doubleEMEnriched_TuneZ2star_8TeV-pythia6_Summer12-PU_S7_START52_V9-v1_05.list
new list:   GJet_Pt-20to40_doubleEMEnriched_TuneZ2star_8TeV-pythia6_Summer12-PU_S7_START52_V9-v1_06.list
new list:   GJet_Pt-20to40_doubleEMEnriched_TuneZ2star_8TeV-pythia6_Summer12-PU_S7_START52_V9-v1_07.list
new list:   GJet_Pt-20to40_doubleEMEnriched_TuneZ2star_8TeV-pythia6_Summer12-PU_S7_START52_V9-v1_08.list
new list:   GJet_Pt-20to40_doubleEMEnriched_TuneZ2star_8TeV-pythia6_Summer12-PU_S7_START52_V9-v1_09.list
++++++++++++++++++++++++++++++++++++++++++++++++++++++++++++++++++++++++++++++++++++++
Working on dataset GJet_Pt40_doubleEMEnriched_TuneZ2star_8TeV-pythia6_Summer12-PU_S7_START52_V9-v1
++++++++++++++++++++++++++++++++++++++++++++++++++++++++++++++++++++++++++++++++++++++
split -l 20 -d -a 2 /tmp/uniq.GJet_Pt40_doubleEMEnriched_TuneZ2star_8TeV-pythia6_Summer12-PU_S7_START52_V9-v1.files.tmp GJet_Pt40_doubleEMEnriched_TuneZ2star_8TeV-pythia6_Summer12-PU_S7_START52_V9-v1_
# of root files in directory: 370
# of uniq files in directory: 370 /tmp/uniq.GJet_Pt40_doubleEMEnriched_TuneZ2star_8TeV-pythia6_Summer12-PU_S7_START52_V9-v1.files.tmp
# of files per list: 20
new list:   GJet_Pt40_doubleEMEnriched_TuneZ2star_8TeV-pythia6_Summer12-PU_S7_START52_V9-v1_00.list
new list:   GJet_Pt40_doubleEMEnriched_TuneZ2star_8TeV-pythia6_Summer12-PU_S7_START52_V9-v1_01.list
new list:   GJet_Pt40_doubleEMEnriched_TuneZ2star_8TeV-pythia6_Summer12-PU_S7_START52_V9-v1_02.list
new list:   GJet_Pt40_doubleEMEnriched_TuneZ2star_8TeV-pythia6_Summer12-PU_S7_START52_V9-v1_03.list
new list:   GJet_Pt40_doubleEMEnriched_TuneZ2star_8TeV-pythia6_Summer12-PU_S7_START52_V9-v1_04.list
new list:   GJet_Pt40_doubleEMEnriched_TuneZ2star_8TeV-pythia6_Summer12-PU_S7_START52_V9-v1_05.list
new list:   GJet_Pt40_doubleEMEnriched_TuneZ2star_8TeV-pythia6_Summer12-PU_S7_START52_V9-v1_06.list
new list:   GJet_Pt40_doubleEMEnriched_TuneZ2star_8TeV-pythia6_Summer12-PU_S7_START52_V9-v1_07.list
new list:   GJet_Pt40_doubleEMEnriched_TuneZ2star_8TeV-pythia6_Summer12-PU_S7_START52_V9-v1_08.list
new list:   GJet_Pt40_doubleEMEnriched_TuneZ2star_8TeV-pythia6_Summer12-PU_S7_START52_V9-v1_09.list
new list:   GJet_Pt40_doubleEMEnriched_TuneZ2star_8TeV-pythia6_Summer12-PU_S7_START52_V9-v1_10.list
new list:   GJet_Pt40_doubleEMEnriched_TuneZ2star_8TeV-pythia6_Summer12-PU_S7_START52_V9-v1_11.list
new list:   GJet_Pt40_doubleEMEnriched_TuneZ2star_8TeV-pythia6_Summer12-PU_S7_START52_V9-v1_12.list
new list:   GJet_Pt40_doubleEMEnriched_TuneZ2star_8TeV-pythia6_Summer12-PU_S7_START52_V9-v1_13.list
new list:   GJet_Pt40_doubleEMEnriched_TuneZ2star_8TeV-pythia6_Summer12-PU_S7_START52_V9-v1_14.list
new list:   GJet_Pt40_doubleEMEnriched_TuneZ2star_8TeV-pythia6_Summer12-PU_S7_START52_V9-v1_15.list
new list:   GJet_Pt40_doubleEMEnriched_TuneZ2star_8TeV-pythia6_Summer12-PU_S7_START52_V9-v1_16.list
new list:   GJet_Pt40_doubleEMEnriched_TuneZ2star_8TeV-pythia6_Summer12-PU_S7_START52_V9-v1_17.list
new list:   GJet_Pt40_doubleEMEnriched_TuneZ2star_8TeV-pythia6_Summer12-PU_S7_START52_V9-v1_18.list
++++++++++++++++++++++++++++++++++++++++++++++++++++++++++++++++++++++++++++++++++++++
Working on dataset GluGluToHToGG_M-120_8TeV-powheg-pythia6_Summer12-PU_S7_START52_V9-v1
++++++++++++++++++++++++++++++++++++++++++++++++++++++++++++++++++++++++++++++++++++++
split -l 20 -d -a 2 /tmp/uniq.GluGluToHToGG_M-120_8TeV-powheg-pythia6_Summer12-PU_S7_START52_V9-v1.files.tmp GluGluToHToGG_M-120_8TeV-powheg-pythia6_Summer12-PU_S7_START52_V9-v1_
# of root files in directory: 7
# of uniq files in directory: 7 /tmp/uniq.GluGluToHToGG_M-120_8TeV-powheg-pythia6_Summer12-PU_S7_START52_V9-v1.files.tmp
# of files per list: 20
new list:   GluGluToHToGG_M-120_8TeV-powheg-pythia6_Summer12-PU_S7_START52_V9-v1_00.list
++++++++++++++++++++++++++++++++++++++++++++++++++++++++++++++++++++++++++++++++++++++
Working on dataset GluGluToHToGG_M-123_8TeV-powheg-pythia6_Summer12-PU_S7_START52_V9-v1
++++++++++++++++++++++++++++++++++++++++++++++++++++++++++++++++++++++++++++++++++++++
split -l 20 -d -a 2 /tmp/uniq.GluGluToHToGG_M-123_8TeV-powheg-pythia6_Summer12-PU_S7_START52_V9-v1.files.tmp GluGluToHToGG_M-123_8TeV-powheg-pythia6_Summer12-PU_S7_START52_V9-v1_
# of root files in directory: 7
# of uniq files in directory: 7 /tmp/uniq.GluGluToHToGG_M-123_8TeV-powheg-pythia6_Summer12-PU_S7_START52_V9-v1.files.tmp
# of files per list: 20
new list:   GluGluToHToGG_M-123_8TeV-powheg-pythia6_Summer12-PU_S7_START52_V9-v1_00.list
++++++++++++++++++++++++++++++++++++++++++++++++++++++++++++++++++++++++++++++++++++++
Working on dataset GluGluToHToGG_M-124_8TeV-powheg-pythia6_Summer12-PU_S7_START52_V9-v1
++++++++++++++++++++++++++++++++++++++++++++++++++++++++++++++++++++++++++++++++++++++
split -l 20 -d -a 2 /tmp/uniq.GluGluToHToGG_M-124_8TeV-powheg-pythia6_Summer12-PU_S7_START52_V9-v1.files.tmp GluGluToHToGG_M-124_8TeV-powheg-pythia6_Summer12-PU_S7_START52_V9-v1_
# of root files in directory: 7
# of uniq files in directory: 7 /tmp/uniq.GluGluToHToGG_M-124_8TeV-powheg-pythia6_Summer12-PU_S7_START52_V9-v1.files.tmp
# of files per list: 20
new list:   GluGluToHToGG_M-124_8TeV-powheg-pythia6_Summer12-PU_S7_START52_V9-v1_00.list
++++++++++++++++++++++++++++++++++++++++++++++++++++++++++++++++++++++++++++++++++++++
Working on dataset GluGluToHToGG_M-124_8TeV-powheg-pythia6_Summer12-newBS_PU_S7_START52_V9-v1
++++++++++++++++++++++++++++++++++++++++++++++++++++++++++++++++++++++++++++++++++++++
split -l 20 -d -a 2 /tmp/uniq.GluGluToHToGG_M-124_8TeV-powheg-pythia6_Summer12-newBS_PU_S7_START52_V9-v1.files.tmp GluGluToHToGG_M-124_8TeV-powheg-pythia6_Summer12-newBS_PU_S7_START52_V9-v1_
# of root files in directory: 6
# of uniq files in directory: 6 /tmp/uniq.GluGluToHToGG_M-124_8TeV-powheg-pythia6_Summer12-newBS_PU_S7_START52_V9-v1.files.tmp
# of files per list: 20
new list:   GluGluToHToGG_M-124_8TeV-powheg-pythia6_Summer12-newBS_PU_S7_START52_V9-v1_00.list
++++++++++++++++++++++++++++++++++++++++++++++++++++++++++++++++++++++++++++++++++++++
Working on dataset GluGluToHToGG_M-124_8TeV-powheg-pythia6_Summer12-newBS_PU_S7_START52_V9A-v1
++++++++++++++++++++++++++++++++++++++++++++++++++++++++++++++++++++++++++++++++++++++
split -l 20 -d -a 2 /tmp/uniq.GluGluToHToGG_M-124_8TeV-powheg-pythia6_Summer12-newBS_PU_S7_START52_V9A-v1.files.tmp GluGluToHToGG_M-124_8TeV-powheg-pythia6_Summer12-newBS_PU_S7_START52_V9A-v1_
# of root files in directory: 6
# of uniq files in directory: 6 /tmp/uniq.GluGluToHToGG_M-124_8TeV-powheg-pythia6_Summer12-newBS_PU_S7_START52_V9A-v1.files.tmp
# of files per list: 20
new list:   GluGluToHToGG_M-124_8TeV-powheg-pythia6_Summer12-newBS_PU_S7_START52_V9A-v1_00.list
++++++++++++++++++++++++++++++++++++++++++++++++++++++++++++++++++++++++++++++++++++++
Working on dataset GluGluToHToGG_M-125_8TeV-powheg-pythia6_Summer12-PU_S7_START52_V9-v1
++++++++++++++++++++++++++++++++++++++++++++++++++++++++++++++++++++++++++++++++++++++
split -l 20 -d -a 2 /tmp/uniq.GluGluToHToGG_M-125_8TeV-powheg-pythia6_Summer12-PU_S7_START52_V9-v1.files.tmp GluGluToHToGG_M-125_8TeV-powheg-pythia6_Summer12-PU_S7_START52_V9-v1_
# of root files in directory: 7
# of uniq files in directory: 7 /tmp/uniq.GluGluToHToGG_M-125_8TeV-powheg-pythia6_Summer12-PU_S7_START52_V9-v1.files.tmp
# of files per list: 20
new list:   GluGluToHToGG_M-125_8TeV-powheg-pythia6_Summer12-PU_S7_START52_V9-v1_00.list
++++++++++++++++++++++++++++++++++++++++++++++++++++++++++++++++++++++++++++++++++++++
Working on dataset GluGluToHToGG_M-125_8TeV-powheg-pythia6_Summer12-newBS_PU_S7_START52_V9-v1
++++++++++++++++++++++++++++++++++++++++++++++++++++++++++++++++++++++++++++++++++++++
split -l 20 -d -a 2 /tmp/uniq.GluGluToHToGG_M-125_8TeV-powheg-pythia6_Summer12-newBS_PU_S7_START52_V9-v1.files.tmp GluGluToHToGG_M-125_8TeV-powheg-pythia6_Summer12-newBS_PU_S7_START52_V9-v1_
# of root files in directory: 6
# of uniq files in directory: 6 /tmp/uniq.GluGluToHToGG_M-125_8TeV-powheg-pythia6_Summer12-newBS_PU_S7_START52_V9-v1.files.tmp
# of files per list: 20
new list:   GluGluToHToGG_M-125_8TeV-powheg-pythia6_Summer12-newBS_PU_S7_START52_V9-v1_00.list
++++++++++++++++++++++++++++++++++++++++++++++++++++++++++++++++++++++++++++++++++++++
Working on dataset GluGluToHToGG_M-125_8TeV-powheg-pythia6_Summer12-newBS_PU_S7_START52_V9A-v1
++++++++++++++++++++++++++++++++++++++++++++++++++++++++++++++++++++++++++++++++++++++
split -l 20 -d -a 2 /tmp/uniq.GluGluToHToGG_M-125_8TeV-powheg-pythia6_Summer12-newBS_PU_S7_START52_V9A-v1.files.tmp GluGluToHToGG_M-125_8TeV-powheg-pythia6_Summer12-newBS_PU_S7_START52_V9A-v1_
# of root files in directory: 6
# of uniq files in directory: 6 /tmp/uniq.GluGluToHToGG_M-125_8TeV-powheg-pythia6_Summer12-newBS_PU_S7_START52_V9A-v1.files.tmp
# of files per list: 20
new list:   GluGluToHToGG_M-125_8TeV-powheg-pythia6_Summer12-newBS_PU_S7_START52_V9A-v1_00.list
++++++++++++++++++++++++++++++++++++++++++++++++++++++++++++++++++++++++++++++++++++++
Working on dataset QCD_Pt-15to3000_TuneZ2star_Flat_8TeV_pythia6_Summer12-NoPU_START52_V5-v1
++++++++++++++++++++++++++++++++++++++++++++++++++++++++++++++++++++++++++++++++++++++
split -l 20 -d -a 2 /tmp/uniq.QCD_Pt-15to3000_TuneZ2star_Flat_8TeV_pythia6_Summer12-NoPU_START52_V5-v1.files.tmp QCD_Pt-15to3000_TuneZ2star_Flat_8TeV_pythia6_Summer12-NoPU_START52_V5-v1_
# of root files in directory: 16
# of uniq files in directory: 16 /tmp/uniq.QCD_Pt-15to3000_TuneZ2star_Flat_8TeV_pythia6_Summer12-NoPU_START52_V5-v1.files.tmp
# of files per list: 20
new list:   QCD_Pt-15to3000_TuneZ2star_Flat_8TeV_pythia6_Summer12-NoPU_START52_V5-v1_00.list
++++++++++++++++++++++++++++++++++++++++++++++++++++++++++++++++++++++++++++++++++++++
Working on dataset QCD_Pt-30to40_doubleEMEnriched_TuneZ2star_8TeV-pythia6_Summer12-PU_S7_START52_V9-v1
++++++++++++++++++++++++++++++++++++++++++++++++++++++++++++++++++++++++++++++++++++++
split -l 20 -d -a 2 /tmp/uniq.QCD_Pt-30to40_doubleEMEnriched_TuneZ2star_8TeV-pythia6_Summer12-PU_S7_START52_V9-v1.files.tmp QCD_Pt-30to40_doubleEMEnriched_TuneZ2star_8TeV-pythia6_Summer12-PU_S7_START52_V9-v1_
# of root files in directory: 98
# of uniq files in directory: 98 /tmp/uniq.QCD_Pt-30to40_doubleEMEnriched_TuneZ2star_8TeV-pythia6_Summer12-PU_S7_START52_V9-v1.files.tmp
# of files per list: 20
new list:   QCD_Pt-30to40_doubleEMEnriched_TuneZ2star_8TeV-pythia6_Summer12-PU_S7_START52_V9-v1_00.list
new list:   QCD_Pt-30to40_doubleEMEnriched_TuneZ2star_8TeV-pythia6_Summer12-PU_S7_START52_V9-v1_01.list
new list:   QCD_Pt-30to40_doubleEMEnriched_TuneZ2star_8TeV-pythia6_Summer12-PU_S7_START52_V9-v1_02.list
new list:   QCD_Pt-30to40_doubleEMEnriched_TuneZ2star_8TeV-pythia6_Summer12-PU_S7_START52_V9-v1_03.list
new list:   QCD_Pt-30to40_doubleEMEnriched_TuneZ2star_8TeV-pythia6_Summer12-PU_S7_START52_V9-v1_04.list
++++++++++++++++++++++++++++++++++++++++++++++++++++++++++++++++++++++++++++++++++++++
Working on dataset QCD_Pt-40_doubleEMEnriched_TuneZ2star_8TeV-pythia6_Summer12-PU_S7_START52_V9-v1
++++++++++++++++++++++++++++++++++++++++++++++++++++++++++++++++++++++++++++++++++++++
split -l 20 -d -a 2 /tmp/uniq.QCD_Pt-40_doubleEMEnriched_TuneZ2star_8TeV-pythia6_Summer12-PU_S7_START52_V9-v1.files.tmp QCD_Pt-40_doubleEMEnriched_TuneZ2star_8TeV-pythia6_Summer12-PU_S7_START52_V9-v1_
# of root files in directory: 174
# of uniq files in directory: 174 /tmp/uniq.QCD_Pt-40_doubleEMEnriched_TuneZ2star_8TeV-pythia6_Summer12-PU_S7_START52_V9-v1.files.tmp
# of files per list: 20
new list:   QCD_Pt-40_doubleEMEnriched_TuneZ2star_8TeV-pythia6_Summer12-PU_S7_START52_V9-v1_00.list
new list:   QCD_Pt-40_doubleEMEnriched_TuneZ2star_8TeV-pythia6_Summer12-PU_S7_START52_V9-v1_01.list
new list:   QCD_Pt-40_doubleEMEnriched_TuneZ2star_8TeV-pythia6_Summer12-PU_S7_START52_V9-v1_02.list
new list:   QCD_Pt-40_doubleEMEnriched_TuneZ2star_8TeV-pythia6_Summer12-PU_S7_START52_V9-v1_03.list
new list:   QCD_Pt-40_doubleEMEnriched_TuneZ2star_8TeV-pythia6_Summer12-PU_S7_START52_V9-v1_04.list
new list:   QCD_Pt-40_doubleEMEnriched_TuneZ2star_8TeV-pythia6_Summer12-PU_S7_START52_V9-v1_05.list
new list:   QCD_Pt-40_doubleEMEnriched_TuneZ2star_8TeV-pythia6_Summer12-PU_S7_START52_V9-v1_06.list
new list:   QCD_Pt-40_doubleEMEnriched_TuneZ2star_8TeV-pythia6_Summer12-PU_S7_START52_V9-v1_07.list
new list:   QCD_Pt-40_doubleEMEnriched_TuneZ2star_8TeV-pythia6_Summer12-PU_S7_START52_V9-v1_08.list
++++++++++++++++++++++++++++++++++++++++++++++++++++++++++++++++++++++++++++++++++++++
Working on dataset TTGJets_8TeV-madgraph_Summer12-PU_S7_START52_V9-v1
++++++++++++++++++++++++++++++++++++++++++++++++++++++++++++++++++++++++++++++++++++++
split -l 20 -d -a 2 /tmp/uniq.TTGJets_8TeV-madgraph_Summer12-PU_S7_START52_V9-v1.files.tmp TTGJets_8TeV-madgraph_Summer12-PU_S7_START52_V9-v1_
# of root files in directory: 5
# of uniq files in directory: 5 /tmp/uniq.TTGJets_8TeV-madgraph_Summer12-PU_S7_START52_V9-v1.files.tmp
# of files per list: 20
new list:   TTGJets_8TeV-madgraph_Summer12-PU_S7_START52_V9-v1_00.list
++++++++++++++++++++++++++++++++++++++++++++++++++++++++++++++++++++++++++++++++++++++
Working on dataset TTH_HToGG_M-120_8TeV-pythia6_Summer12-PU_S7_START52_V9-v2
++++++++++++++++++++++++++++++++++++++++++++++++++++++++++++++++++++++++++++++++++++++
split -l 20 -d -a 2 /tmp/uniq.TTH_HToGG_M-120_8TeV-pythia6_Summer12-PU_S7_START52_V9-v2.files.tmp TTH_HToGG_M-120_8TeV-pythia6_Summer12-PU_S7_START52_V9-v2_
# of root files in directory: 8
# of uniq files in directory: 8 /tmp/uniq.TTH_HToGG_M-120_8TeV-pythia6_Summer12-PU_S7_START52_V9-v2.files.tmp
# of files per list: 20
new list:   TTH_HToGG_M-120_8TeV-pythia6_Summer12-PU_S7_START52_V9-v2_00.list
++++++++++++++++++++++++++++++++++++++++++++++++++++++++++++++++++++++++++++++++++++++
Working on dataset TTH_HToGG_M-125_8TeV-pythia6_Summer12-PU_S7_START52_V9-v2
++++++++++++++++++++++++++++++++++++++++++++++++++++++++++++++++++++++++++++++++++++++
split -l 20 -d -a 2 /tmp/uniq.TTH_HToGG_M-125_8TeV-pythia6_Summer12-PU_S7_START52_V9-v2.files.tmp TTH_HToGG_M-125_8TeV-pythia6_Summer12-PU_S7_START52_V9-v2_
# of root files in directory: 7
# of uniq files in directory: 7 /tmp/uniq.TTH_HToGG_M-125_8TeV-pythia6_Summer12-PU_S7_START52_V9-v2.files.tmp
# of files per list: 20
new list:   TTH_HToGG_M-125_8TeV-pythia6_Summer12-PU_S7_START52_V9-v2_00.list
++++++++++++++++++++++++++++++++++++++++++++++++++++++++++++++++++++++++++++++++++++++
Working on dataset TTJets_TuneZ2star_8TeV-madgraph-tauola_Summer12-PU_S7_START52_V9-v1
++++++++++++++++++++++++++++++++++++++++++++++++++++++++++++++++++++++++++++++++++++++
split -l 20 -d -a 2 /tmp/uniq.TTJets_TuneZ2star_8TeV-madgraph-tauola_Summer12-PU_S7_START52_V9-v1.files.tmp TTJets_TuneZ2star_8TeV-madgraph-tauola_Summer12-PU_S7_START52_V9-v1_
# of root files in directory: 337
# of uniq files in directory: 337 /tmp/uniq.TTJets_TuneZ2star_8TeV-madgraph-tauola_Summer12-PU_S7_START52_V9-v1.files.tmp
# of files per list: 20
new list:   TTJets_TuneZ2star_8TeV-madgraph-tauola_Summer12-PU_S7_START52_V9-v1_00.list
new list:   TTJets_TuneZ2star_8TeV-madgraph-tauola_Summer12-PU_S7_START52_V9-v1_01.list
new list:   TTJets_TuneZ2star_8TeV-madgraph-tauola_Summer12-PU_S7_START52_V9-v1_02.list
new list:   TTJets_TuneZ2star_8TeV-madgraph-tauola_Summer12-PU_S7_START52_V9-v1_03.list
new list:   TTJets_TuneZ2star_8TeV-madgraph-tauola_Summer12-PU_S7_START52_V9-v1_04.list
new list:   TTJets_TuneZ2star_8TeV-madgraph-tauola_Summer12-PU_S7_START52_V9-v1_05.list
new list:   TTJets_TuneZ2star_8TeV-madgraph-tauola_Summer12-PU_S7_START52_V9-v1_06.list
new list:   TTJets_TuneZ2star_8TeV-madgraph-tauola_Summer12-PU_S7_START52_V9-v1_07.list
new list:   TTJets_TuneZ2star_8TeV-madgraph-tauola_Summer12-PU_S7_START52_V9-v1_08.list
new list:   TTJets_TuneZ2star_8TeV-madgraph-tauola_Summer12-PU_S7_START52_V9-v1_09.list
new list:   TTJets_TuneZ2star_8TeV-madgraph-tauola_Summer12-PU_S7_START52_V9-v1_10.list
new list:   TTJets_TuneZ2star_8TeV-madgraph-tauola_Summer12-PU_S7_START52_V9-v1_11.list
new list:   TTJets_TuneZ2star_8TeV-madgraph-tauola_Summer12-PU_S7_START52_V9-v1_12.list
new list:   TTJets_TuneZ2star_8TeV-madgraph-tauola_Summer12-PU_S7_START52_V9-v1_13.list
new list:   TTJets_TuneZ2star_8TeV-madgraph-tauola_Summer12-PU_S7_START52_V9-v1_14.list
new list:   TTJets_TuneZ2star_8TeV-madgraph-tauola_Summer12-PU_S7_START52_V9-v1_15.list
new list:   TTJets_TuneZ2star_8TeV-madgraph-tauola_Summer12-PU_S7_START52_V9-v1_16.list
++++++++++++++++++++++++++++++++++++++++++++++++++++++++++++++++++++++++++++++++++++++
Working on dataset TTbarGG_0Jet_S1
++++++++++++++++++++++++++++++++++++++++++++++++++++++++++++++++++++++++++++++++++++++
split -l 20 -d -a 2 /tmp/uniq.TTbarGG_0Jet_S1.files.tmp TTbarGG_0Jet_S1_
# of root files in directory: 3
# of uniq files in directory: 3 /tmp/uniq.TTbarGG_0Jet_S1.files.tmp
# of files per list: 20
new list:   TTbarGG_0Jet_S1_00.list
++++++++++++++++++++++++++++++++++++++++++++++++++++++++++++++++++++++++++++++++++++++
Working on dataset VBF_HToGG_M-123_8TeV-powheg-pythia6_Summer12-PU_S7_START52_V9-v1
++++++++++++++++++++++++++++++++++++++++++++++++++++++++++++++++++++++++++++++++++++++
split -l 20 -d -a 2 /tmp/uniq.VBF_HToGG_M-123_8TeV-powheg-pythia6_Summer12-PU_S7_START52_V9-v1.files.tmp VBF_HToGG_M-123_8TeV-powheg-pythia6_Summer12-PU_S7_START52_V9-v1_
# of root files in directory: 7
# of uniq files in directory: 7 /tmp/uniq.VBF_HToGG_M-123_8TeV-powheg-pythia6_Summer12-PU_S7_START52_V9-v1.files.tmp
# of files per list: 20
new list:   VBF_HToGG_M-123_8TeV-powheg-pythia6_Summer12-PU_S7_START52_V9-v1_00.list
++++++++++++++++++++++++++++++++++++++++++++++++++++++++++++++++++++++++++++++++++++++
Working on dataset VBF_HToGG_M-125_8TeV-powheg-pythia6_Summer12-PU_S7_START52_V9-v1
++++++++++++++++++++++++++++++++++++++++++++++++++++++++++++++++++++++++++++++++++++++
split -l 20 -d -a 2 /tmp/uniq.VBF_HToGG_M-125_8TeV-powheg-pythia6_Summer12-PU_S7_START52_V9-v1.files.tmp VBF_HToGG_M-125_8TeV-powheg-pythia6_Summer12-PU_S7_START52_V9-v1_
# of root files in directory: 7
# of uniq files in directory: 7 /tmp/uniq.VBF_HToGG_M-125_8TeV-powheg-pythia6_Summer12-PU_S7_START52_V9-v1.files.tmp
# of files per list: 20
new list:   VBF_HToGG_M-125_8TeV-powheg-pythia6_Summer12-PU_S7_START52_V9-v1_00.list
++++++++++++++++++++++++++++++++++++++++++++++++++++++++++++++++++++++++++++++++++++++
Working on dataset WGToLNuG_TuneZ2star_8TeV-madgraph-tauola_Summer12-PU_S7_START52_V9-v2
++++++++++++++++++++++++++++++++++++++++++++++++++++++++++++++++++++++++++++++++++++++
split -l 20 -d -a 2 /tmp/uniq.WGToLNuG_TuneZ2star_8TeV-madgraph-tauola_Summer12-PU_S7_START52_V9-v2.files.tmp WGToLNuG_TuneZ2star_8TeV-madgraph-tauola_Summer12-PU_S7_START52_V9-v2_
# of root files in directory: 326
# of uniq files in directory: 326 /tmp/uniq.WGToLNuG_TuneZ2star_8TeV-madgraph-tauola_Summer12-PU_S7_START52_V9-v2.files.tmp
# of files per list: 20
new list:   WGToLNuG_TuneZ2star_8TeV-madgraph-tauola_Summer12-PU_S7_START52_V9-v2_00.list
new list:   WGToLNuG_TuneZ2star_8TeV-madgraph-tauola_Summer12-PU_S7_START52_V9-v2_01.list
new list:   WGToLNuG_TuneZ2star_8TeV-madgraph-tauola_Summer12-PU_S7_START52_V9-v2_02.list
new list:   WGToLNuG_TuneZ2star_8TeV-madgraph-tauola_Summer12-PU_S7_START52_V9-v2_03.list
new list:   WGToLNuG_TuneZ2star_8TeV-madgraph-tauola_Summer12-PU_S7_START52_V9-v2_04.list
new list:   WGToLNuG_TuneZ2star_8TeV-madgraph-tauola_Summer12-PU_S7_START52_V9-v2_05.list
new list:   WGToLNuG_TuneZ2star_8TeV-madgraph-tauola_Summer12-PU_S7_START52_V9-v2_06.list
new list:   WGToLNuG_TuneZ2star_8TeV-madgraph-tauola_Summer12-PU_S7_START52_V9-v2_07.list
new list:   WGToLNuG_TuneZ2star_8TeV-madgraph-tauola_Summer12-PU_S7_START52_V9-v2_08.list
new list:   WGToLNuG_TuneZ2star_8TeV-madgraph-tauola_Summer12-PU_S7_START52_V9-v2_09.list
new list:   WGToLNuG_TuneZ2star_8TeV-madgraph-tauola_Summer12-PU_S7_START52_V9-v2_10.list
new list:   WGToLNuG_TuneZ2star_8TeV-madgraph-tauola_Summer12-PU_S7_START52_V9-v2_11.list
new list:   WGToLNuG_TuneZ2star_8TeV-madgraph-tauola_Summer12-PU_S7_START52_V9-v2_12.list
new list:   WGToLNuG_TuneZ2star_8TeV-madgraph-tauola_Summer12-PU_S7_START52_V9-v2_13.list
new list:   WGToLNuG_TuneZ2star_8TeV-madgraph-tauola_Summer12-PU_S7_START52_V9-v2_14.list
new list:   WGToLNuG_TuneZ2star_8TeV-madgraph-tauola_Summer12-PU_S7_START52_V9-v2_15.list
new list:   WGToLNuG_TuneZ2star_8TeV-madgraph-tauola_Summer12-PU_S7_START52_V9-v2_16.list
++++++++++++++++++++++++++++++++++++++++++++++++++++++++++++++++++++++++++++++++++++++
Working on dataset WH_ZH_HToGG_M-120_8TeV-pythia6_Summer12-PU_S7_START52_V9-v2
++++++++++++++++++++++++++++++++++++++++++++++++++++++++++++++++++++++++++++++++++++++
split -l 20 -d -a 2 /tmp/uniq.WH_ZH_HToGG_M-120_8TeV-pythia6_Summer12-PU_S7_START52_V9-v2.files.tmp WH_ZH_HToGG_M-120_8TeV-pythia6_Summer12-PU_S7_START52_V9-v2_
# of root files in directory: 7
# of uniq files in directory: 7 /tmp/uniq.WH_ZH_HToGG_M-120_8TeV-pythia6_Summer12-PU_S7_START52_V9-v2.files.tmp
# of files per list: 20
new list:   WH_ZH_HToGG_M-120_8TeV-pythia6_Summer12-PU_S7_START52_V9-v2_00.list
++++++++++++++++++++++++++++++++++++++++++++++++++++++++++++++++++++++++++++++++++++++
Working on dataset WH_ZH_HToGG_M-123_8TeV-pythia6_Summer12-PU_S7_START52_V9-v3
++++++++++++++++++++++++++++++++++++++++++++++++++++++++++++++++++++++++++++++++++++++
split -l 20 -d -a 2 /tmp/uniq.WH_ZH_HToGG_M-123_8TeV-pythia6_Summer12-PU_S7_START52_V9-v3.files.tmp WH_ZH_HToGG_M-123_8TeV-pythia6_Summer12-PU_S7_START52_V9-v3_
# of root files in directory: 7
# of uniq files in directory: 7 /tmp/uniq.WH_ZH_HToGG_M-123_8TeV-pythia6_Summer12-PU_S7_START52_V9-v3.files.tmp
# of files per list: 20
new list:   WH_ZH_HToGG_M-123_8TeV-pythia6_Summer12-PU_S7_START52_V9-v3_00.list
++++++++++++++++++++++++++++++++++++++++++++++++++++++++++++++++++++++++++++++++++++++
Working on dataset WH_ZH_HToGG_M-125_8TeV-pythia6_Summer12-PU_S7_START52_V9-v2
++++++++++++++++++++++++++++++++++++++++++++++++++++++++++++++++++++++++++++++++++++++
split -l 20 -d -a 2 /tmp/uniq.WH_ZH_HToGG_M-125_8TeV-pythia6_Summer12-PU_S7_START52_V9-v2.files.tmp WH_ZH_HToGG_M-125_8TeV-pythia6_Summer12-PU_S7_START52_V9-v2_
# of root files in directory: 7
# of uniq files in directory: 7 /tmp/uniq.WH_ZH_HToGG_M-125_8TeV-pythia6_Summer12-PU_S7_START52_V9-v2.files.tmp
# of files per list: 20
new list:   WH_ZH_HToGG_M-125_8TeV-pythia6_Summer12-PU_S7_START52_V9-v2_00.list
++++++++++++++++++++++++++++++++++++++++++++++++++++++++++++++++++++++++++++++++++++++
Working on dataset WJetsToLNu_TuneZ2Star_8TeV-madgraph-tarball_Summer12-PU_S7_START52_V9-v1
++++++++++++++++++++++++++++++++++++++++++++++++++++++++++++++++++++++++++++++++++++++
split -l 20 -d -a 2 /tmp/uniq.WJetsToLNu_TuneZ2Star_8TeV-madgraph-tarball_Summer12-PU_S7_START52_V9-v1.files.tmp WJetsToLNu_TuneZ2Star_8TeV-madgraph-tarball_Summer12-PU_S7_START52_V9-v1_
# of root files in directory: 292
# of uniq files in directory: 292 /tmp/uniq.WJetsToLNu_TuneZ2Star_8TeV-madgraph-tarball_Summer12-PU_S7_START52_V9-v1.files.tmp
# of files per list: 20
new list:   WJetsToLNu_TuneZ2Star_8TeV-madgraph-tarball_Summer12-PU_S7_START52_V9-v1_00.list
new list:   WJetsToLNu_TuneZ2Star_8TeV-madgraph-tarball_Summer12-PU_S7_START52_V9-v1_01.list
new list:   WJetsToLNu_TuneZ2Star_8TeV-madgraph-tarball_Summer12-PU_S7_START52_V9-v1_02.list
new list:   WJetsToLNu_TuneZ2Star_8TeV-madgraph-tarball_Summer12-PU_S7_START52_V9-v1_03.list
new list:   WJetsToLNu_TuneZ2Star_8TeV-madgraph-tarball_Summer12-PU_S7_START52_V9-v1_04.list
new list:   WJetsToLNu_TuneZ2Star_8TeV-madgraph-tarball_Summer12-PU_S7_START52_V9-v1_05.list
new list:   WJetsToLNu_TuneZ2Star_8TeV-madgraph-tarball_Summer12-PU_S7_START52_V9-v1_06.list
new list:   WJetsToLNu_TuneZ2Star_8TeV-madgraph-tarball_Summer12-PU_S7_START52_V9-v1_07.list
new list:   WJetsToLNu_TuneZ2Star_8TeV-madgraph-tarball_Summer12-PU_S7_START52_V9-v1_08.list
new list:   WJetsToLNu_TuneZ2Star_8TeV-madgraph-tarball_Summer12-PU_S7_START52_V9-v1_09.list
new list:   WJetsToLNu_TuneZ2Star_8TeV-madgraph-tarball_Summer12-PU_S7_START52_V9-v1_10.list
new list:   WJetsToLNu_TuneZ2Star_8TeV-madgraph-tarball_Summer12-PU_S7_START52_V9-v1_11.list
new list:   WJetsToLNu_TuneZ2Star_8TeV-madgraph-tarball_Summer12-PU_S7_START52_V9-v1_12.list
new list:   WJetsToLNu_TuneZ2Star_8TeV-madgraph-tarball_Summer12-PU_S7_START52_V9-v1_13.list
new list:   WJetsToLNu_TuneZ2Star_8TeV-madgraph-tarball_Summer12-PU_S7_START52_V9-v1_14.list
++++++++++++++++++++++++++++++++++++++++++++++++++++++++++++++++++++++++++++++++++++++
Working on dataset WWJetsTo2L2Nu_TuneZ2star_8TeV-madgraph-tauola_Summer12-PU_S7_START52_V9-v1
++++++++++++++++++++++++++++++++++++++++++++++++++++++++++++++++++++++++++++++++++++++
split -l 20 -d -a 2 /tmp/uniq.WWJetsTo2L2Nu_TuneZ2star_8TeV-madgraph-tauola_Summer12-PU_S7_START52_V9-v1.files.tmp WWJetsTo2L2Nu_TuneZ2star_8TeV-madgraph-tauola_Summer12-PU_S7_START52_V9-v1_
# of root files in directory: 68
# of uniq files in directory: 68 /tmp/uniq.WWJetsTo2L2Nu_TuneZ2star_8TeV-madgraph-tauola_Summer12-PU_S7_START52_V9-v1.files.tmp
# of files per list: 20
new list:   WWJetsTo2L2Nu_TuneZ2star_8TeV-madgraph-tauola_Summer12-PU_S7_START52_V9-v1_00.list
new list:   WWJetsTo2L2Nu_TuneZ2star_8TeV-madgraph-tauola_Summer12-PU_S7_START52_V9-v1_01.list
new list:   WWJetsTo2L2Nu_TuneZ2star_8TeV-madgraph-tauola_Summer12-PU_S7_START52_V9-v1_02.list
new list:   WWJetsTo2L2Nu_TuneZ2star_8TeV-madgraph-tauola_Summer12-PU_S7_START52_V9-v1_03.list
++++++++++++++++++++++++++++++++++++++++++++++++++++++++++++++++++++++++++++++++++++++
Working on dataset WWTo2L2Nu_TuneZ2star_8TeV_pythia6_tauola_Summer12-PU_S7_START52_V9-v1
++++++++++++++++++++++++++++++++++++++++++++++++++++++++++++++++++++++++++++++++++++++
split -l 20 -d -a 2 /tmp/uniq.WWTo2L2Nu_TuneZ2star_8TeV_pythia6_tauola_Summer12-PU_S7_START52_V9-v1.files.tmp WWTo2L2Nu_TuneZ2star_8TeV_pythia6_tauola_Summer12-PU_S7_START52_V9-v1_
# of root files in directory: 34
# of uniq files in directory: 34 /tmp/uniq.WWTo2L2Nu_TuneZ2star_8TeV_pythia6_tauola_Summer12-PU_S7_START52_V9-v1.files.tmp
# of files per list: 20
new list:   WWTo2L2Nu_TuneZ2star_8TeV_pythia6_tauola_Summer12-PU_S7_START52_V9-v1_00.list
new list:   WWTo2L2Nu_TuneZ2star_8TeV_pythia6_tauola_Summer12-PU_S7_START52_V9-v1_01.list
++++++++++++++++++++++++++++++++++++++++++++++++++++++++++++++++++++++++++++++++++++++
Working on dataset WW_TuneZ2star_8TeV_pythia6_tauola_Summer12-PU_S7_START52_V9-v1
++++++++++++++++++++++++++++++++++++++++++++++++++++++++++++++++++++++++++++++++++++++
split -l 20 -d -a 2 /tmp/uniq.WW_TuneZ2star_8TeV_pythia6_tauola_Summer12-PU_S7_START52_V9-v1.files.tmp WW_TuneZ2star_8TeV_pythia6_tauola_Summer12-PU_S7_START52_V9-v1_
# of root files in directory: 664
# of uniq files in directory: 664 /tmp/uniq.WW_TuneZ2star_8TeV_pythia6_tauola_Summer12-PU_S7_START52_V9-v1.files.tmp
# of files per list: 20
new list:   WW_TuneZ2star_8TeV_pythia6_tauola_Summer12-PU_S7_START52_V9-v1_00.list
new list:   WW_TuneZ2star_8TeV_pythia6_tauola_Summer12-PU_S7_START52_V9-v1_01.list
new list:   WW_TuneZ2star_8TeV_pythia6_tauola_Summer12-PU_S7_START52_V9-v1_02.list
new list:   WW_TuneZ2star_8TeV_pythia6_tauola_Summer12-PU_S7_START52_V9-v1_03.list
new list:   WW_TuneZ2star_8TeV_pythia6_tauola_Summer12-PU_S7_START52_V9-v1_04.list
new list:   WW_TuneZ2star_8TeV_pythia6_tauola_Summer12-PU_S7_START52_V9-v1_05.list
new list:   WW_TuneZ2star_8TeV_pythia6_tauola_Summer12-PU_S7_START52_V9-v1_06.list
new list:   WW_TuneZ2star_8TeV_pythia6_tauola_Summer12-PU_S7_START52_V9-v1_07.list
new list:   WW_TuneZ2star_8TeV_pythia6_tauola_Summer12-PU_S7_START52_V9-v1_08.list
new list:   WW_TuneZ2star_8TeV_pythia6_tauola_Summer12-PU_S7_START52_V9-v1_09.list
new list:   WW_TuneZ2star_8TeV_pythia6_tauola_Summer12-PU_S7_START52_V9-v1_10.list
new list:   WW_TuneZ2star_8TeV_pythia6_tauola_Summer12-PU_S7_START52_V9-v1_11.list
new list:   WW_TuneZ2star_8TeV_pythia6_tauola_Summer12-PU_S7_START52_V9-v1_12.list
new list:   WW_TuneZ2star_8TeV_pythia6_tauola_Summer12-PU_S7_START52_V9-v1_13.list
new list:   WW_TuneZ2star_8TeV_pythia6_tauola_Summer12-PU_S7_START52_V9-v1_14.list
new list:   WW_TuneZ2star_8TeV_pythia6_tauola_Summer12-PU_S7_START52_V9-v1_15.list
new list:   WW_TuneZ2star_8TeV_pythia6_tauola_Summer12-PU_S7_START52_V9-v1_16.list
new list:   WW_TuneZ2star_8TeV_pythia6_tauola_Summer12-PU_S7_START52_V9-v1_17.list
new list:   WW_TuneZ2star_8TeV_pythia6_tauola_Summer12-PU_S7_START52_V9-v1_18.list
new list:   WW_TuneZ2star_8TeV_pythia6_tauola_Summer12-PU_S7_START52_V9-v1_19.list
new list:   WW_TuneZ2star_8TeV_pythia6_tauola_Summer12-PU_S7_START52_V9-v1_20.list
new list:   WW_TuneZ2star_8TeV_pythia6_tauola_Summer12-PU_S7_START52_V9-v1_21.list
new list:   WW_TuneZ2star_8TeV_pythia6_tauola_Summer12-PU_S7_START52_V9-v1_22.list
new list:   WW_TuneZ2star_8TeV_pythia6_tauola_Summer12-PU_S7_START52_V9-v1_23.list
new list:   WW_TuneZ2star_8TeV_pythia6_tauola_Summer12-PU_S7_START52_V9-v1_24.list
new list:   WW_TuneZ2star_8TeV_pythia6_tauola_Summer12-PU_S7_START52_V9-v1_25.list
new list:   WW_TuneZ2star_8TeV_pythia6_tauola_Summer12-PU_S7_START52_V9-v1_26.list
new list:   WW_TuneZ2star_8TeV_pythia6_tauola_Summer12-PU_S7_START52_V9-v1_27.list
new list:   WW_TuneZ2star_8TeV_pythia6_tauola_Summer12-PU_S7_START52_V9-v1_28.list
new list:   WW_TuneZ2star_8TeV_pythia6_tauola_Summer12-PU_S7_START52_V9-v1_29.list
new list:   WW_TuneZ2star_8TeV_pythia6_tauola_Summer12-PU_S7_START52_V9-v1_30.list
new list:   WW_TuneZ2star_8TeV_pythia6_tauola_Summer12-PU_S7_START52_V9-v1_31.list
new list:   WW_TuneZ2star_8TeV_pythia6_tauola_Summer12-PU_S7_START52_V9-v1_32.list
new list:   WW_TuneZ2star_8TeV_pythia6_tauola_Summer12-PU_S7_START52_V9-v1_33.list
++++++++++++++++++++++++++++++++++++++++++++++++++++++++++++++++++++++++++++++++++++++
Working on dataset WZJetsTo3LNu_TuneZ2_8TeV-madgraph-tauola_Summer12-PU_S7_START52_V9-v2
++++++++++++++++++++++++++++++++++++++++++++++++++++++++++++++++++++++++++++++++++++++
split -l 20 -d -a 2 /tmp/uniq.WZJetsTo3LNu_TuneZ2_8TeV-madgraph-tauola_Summer12-PU_S7_START52_V9-v2.files.tmp WZJetsTo3LNu_TuneZ2_8TeV-madgraph-tauola_Summer12-PU_S7_START52_V9-v2_
# of root files in directory: 134
# of uniq files in directory: 134 /tmp/uniq.WZJetsTo3LNu_TuneZ2_8TeV-madgraph-tauola_Summer12-PU_S7_START52_V9-v2.files.tmp
# of files per list: 20
new list:   WZJetsTo3LNu_TuneZ2_8TeV-madgraph-tauola_Summer12-PU_S7_START52_V9-v2_00.list
new list:   WZJetsTo3LNu_TuneZ2_8TeV-madgraph-tauola_Summer12-PU_S7_START52_V9-v2_01.list
new list:   WZJetsTo3LNu_TuneZ2_8TeV-madgraph-tauola_Summer12-PU_S7_START52_V9-v2_02.list
new list:   WZJetsTo3LNu_TuneZ2_8TeV-madgraph-tauola_Summer12-PU_S7_START52_V9-v2_03.list
new list:   WZJetsTo3LNu_TuneZ2_8TeV-madgraph-tauola_Summer12-PU_S7_START52_V9-v2_04.list
new list:   WZJetsTo3LNu_TuneZ2_8TeV-madgraph-tauola_Summer12-PU_S7_START52_V9-v2_05.list
new list:   WZJetsTo3LNu_TuneZ2_8TeV-madgraph-tauola_Summer12-PU_S7_START52_V9-v2_06.list
++++++++++++++++++++++++++++++++++++++++++++++++++++++++++++++++++++++++++++++++++++++
Working on dataset WZTo3LNu_TuneZ2star_8TeV_pythia6_tauola_Summer12-PU_S7_START52_V9-v1
++++++++++++++++++++++++++++++++++++++++++++++++++++++++++++++++++++++++++++++++++++++
split -l 20 -d -a 2 /tmp/uniq.WZTo3LNu_TuneZ2star_8TeV_pythia6_tauola_Summer12-PU_S7_START52_V9-v1.files.tmp WZTo3LNu_TuneZ2star_8TeV_pythia6_tauola_Summer12-PU_S7_START52_V9-v1_
# of root files in directory: 199
# of uniq files in directory: 199 /tmp/uniq.WZTo3LNu_TuneZ2star_8TeV_pythia6_tauola_Summer12-PU_S7_START52_V9-v1.files.tmp
# of files per list: 20
new list:   WZTo3LNu_TuneZ2star_8TeV_pythia6_tauola_Summer12-PU_S7_START52_V9-v1_00.list
new list:   WZTo3LNu_TuneZ2star_8TeV_pythia6_tauola_Summer12-PU_S7_START52_V9-v1_01.list
new list:   WZTo3LNu_TuneZ2star_8TeV_pythia6_tauola_Summer12-PU_S7_START52_V9-v1_02.list
new list:   WZTo3LNu_TuneZ2star_8TeV_pythia6_tauola_Summer12-PU_S7_START52_V9-v1_03.list
new list:   WZTo3LNu_TuneZ2star_8TeV_pythia6_tauola_Summer12-PU_S7_START52_V9-v1_04.list
new list:   WZTo3LNu_TuneZ2star_8TeV_pythia6_tauola_Summer12-PU_S7_START52_V9-v1_05.list
new list:   WZTo3LNu_TuneZ2star_8TeV_pythia6_tauola_Summer12-PU_S7_START52_V9-v1_06.list
new list:   WZTo3LNu_TuneZ2star_8TeV_pythia6_tauola_Summer12-PU_S7_START52_V9-v1_07.list
new list:   WZTo3LNu_TuneZ2star_8TeV_pythia6_tauola_Summer12-PU_S7_START52_V9-v1_08.list
new list:   WZTo3LNu_TuneZ2star_8TeV_pythia6_tauola_Summer12-PU_S7_START52_V9-v1_09.list
++++++++++++++++++++++++++++++++++++++++++++++++++++++++++++++++++++++++++++++++++++++
Working on dataset WZ_TuneZ2star_8TeV_pythia6_tauola_Summer12-PU_S7_START52_V9-v1
++++++++++++++++++++++++++++++++++++++++++++++++++++++++++++++++++++++++++++++++++++++
split -l 20 -d -a 2 /tmp/uniq.WZ_TuneZ2star_8TeV_pythia6_tauola_Summer12-PU_S7_START52_V9-v1.files.tmp WZ_TuneZ2star_8TeV_pythia6_tauola_Summer12-PU_S7_START52_V9-v1_
# of root files in directory: 470
# of uniq files in directory: 470 /tmp/uniq.WZ_TuneZ2star_8TeV_pythia6_tauola_Summer12-PU_S7_START52_V9-v1.files.tmp
# of files per list: 20
new list:   WZ_TuneZ2star_8TeV_pythia6_tauola_Summer12-PU_S7_START52_V9-v1_00.list
new list:   WZ_TuneZ2star_8TeV_pythia6_tauola_Summer12-PU_S7_START52_V9-v1_01.list
new list:   WZ_TuneZ2star_8TeV_pythia6_tauola_Summer12-PU_S7_START52_V9-v1_02.list
new list:   WZ_TuneZ2star_8TeV_pythia6_tauola_Summer12-PU_S7_START52_V9-v1_03.list
new list:   WZ_TuneZ2star_8TeV_pythia6_tauola_Summer12-PU_S7_START52_V9-v1_04.list
new list:   WZ_TuneZ2star_8TeV_pythia6_tauola_Summer12-PU_S7_START52_V9-v1_05.list
new list:   WZ_TuneZ2star_8TeV_pythia6_tauola_Summer12-PU_S7_START52_V9-v1_06.list
new list:   WZ_TuneZ2star_8TeV_pythia6_tauola_Summer12-PU_S7_START52_V9-v1_07.list
new list:   WZ_TuneZ2star_8TeV_pythia6_tauola_Summer12-PU_S7_START52_V9-v1_08.list
new list:   WZ_TuneZ2star_8TeV_pythia6_tauola_Summer12-PU_S7_START52_V9-v1_09.list
new list:   WZ_TuneZ2star_8TeV_pythia6_tauola_Summer12-PU_S7_START52_V9-v1_10.list
new list:   WZ_TuneZ2star_8TeV_pythia6_tauola_Summer12-PU_S7_START52_V9-v1_11.list
new list:   WZ_TuneZ2star_8TeV_pythia6_tauola_Summer12-PU_S7_START52_V9-v1_12.list
new list:   WZ_TuneZ2star_8TeV_pythia6_tauola_Summer12-PU_S7_START52_V9-v1_13.list
new list:   WZ_TuneZ2star_8TeV_pythia6_tauola_Summer12-PU_S7_START52_V9-v1_14.list
new list:   WZ_TuneZ2star_8TeV_pythia6_tauola_Summer12-PU_S7_START52_V9-v1_15.list
new list:   WZ_TuneZ2star_8TeV_pythia6_tauola_Summer12-PU_S7_START52_V9-v1_16.list
new list:   WZ_TuneZ2star_8TeV_pythia6_tauola_Summer12-PU_S7_START52_V9-v1_17.list
new list:   WZ_TuneZ2star_8TeV_pythia6_tauola_Summer12-PU_S7_START52_V9-v1_18.list
new list:   WZ_TuneZ2star_8TeV_pythia6_tauola_Summer12-PU_S7_START52_V9-v1_19.list
new list:   WZ_TuneZ2star_8TeV_pythia6_tauola_Summer12-PU_S7_START52_V9-v1_20.list
new list:   WZ_TuneZ2star_8TeV_pythia6_tauola_Summer12-PU_S7_START52_V9-v1_21.list
new list:   WZ_TuneZ2star_8TeV_pythia6_tauola_Summer12-PU_S7_START52_V9-v1_22.list
new list:   WZ_TuneZ2star_8TeV_pythia6_tauola_Summer12-PU_S7_START52_V9-v1_23.list
++++++++++++++++++++++++++++++++++++++++++++++++++++++++++++++++++++++++++++++++++++++
Working on dataset WmGG_S3
++++++++++++++++++++++++++++++++++++++++++++++++++++++++++++++++++++++++++++++++++++++
split -l 20 -d -a 2 /tmp/uniq.WmGG_S3.files.tmp WmGG_S3_
# of root files in directory: 5
# of uniq files in directory: 5 /tmp/uniq.WmGG_S3.files.tmp
# of files per list: 20
new list:   WmGG_S3_00.list
++++++++++++++++++++++++++++++++++++++++++++++++++++++++++++++++++++++++++++++++++++++
Working on dataset WmGG_S6
++++++++++++++++++++++++++++++++++++++++++++++++++++++++++++++++++++++++++++++++++++++
split -l 20 -d -a 2 /tmp/uniq.WmGG_S6.files.tmp WmGG_S6_
# of root files in directory: 5
# of uniq files in directory: 5 /tmp/uniq.WmGG_S6.files.tmp
# of files per list: 20
new list:   WmGG_S6_00.list
++++++++++++++++++++++++++++++++++++++++++++++++++++++++++++++++++++++++++++++++++++++
Working on dataset WpGG_S2
++++++++++++++++++++++++++++++++++++++++++++++++++++++++++++++++++++++++++++++++++++++
split -l 20 -d -a 2 /tmp/uniq.WpGG_S2.files.tmp WpGG_S2_
# of root files in directory: 5
# of uniq files in directory: 5 /tmp/uniq.WpGG_S2.files.tmp
# of files per list: 20
new list:   WpGG_S2_00.list
++++++++++++++++++++++++++++++++++++++++++++++++++++++++++++++++++++++++++++++++++++++
Working on dataset ZGG_S47
++++++++++++++++++++++++++++++++++++++++++++++++++++++++++++++++++++++++++++++++++++++
split -l 20 -d -a 2 /tmp/uniq.ZGG_S47.files.tmp ZGG_S47_
# of root files in directory: 1
# of uniq files in directory: 1 /tmp/uniq.ZGG_S47.files.tmp
# of files per list: 20
new list:   ZGG_S47_00.list
++++++++++++++++++++++++++++++++++++++++++++++++++++++++++++++++++++++++++++++++++++++
Working on dataset ZGG_S50
++++++++++++++++++++++++++++++++++++++++++++++++++++++++++++++++++++++++++++++++++++++
split -l 20 -d -a 2 /tmp/uniq.ZGG_S50.files.tmp ZGG_S50_
# of root files in directory: 1
# of uniq files in directory: 1 /tmp/uniq.ZGG_S50.files.tmp
# of files per list: 20
new list:   ZGG_S50_00.list
++++++++++++++++++++++++++++++++++++++++++++++++++++++++++++++++++++++++++++++++++++++
Working on dataset ZGG_S51
++++++++++++++++++++++++++++++++++++++++++++++++++++++++++++++++++++++++++++++++++++++
split -l 20 -d -a 2 /tmp/uniq.ZGG_S51.files.tmp ZGG_S51_
# of root files in directory: 1
# of uniq files in directory: 1 /tmp/uniq.ZGG_S51.files.tmp
# of files per list: 20
new list:   ZGG_S51_00.list
++++++++++++++++++++++++++++++++++++++++++++++++++++++++++++++++++++++++++++++++++++++
Working on dataset ZGG_S52
++++++++++++++++++++++++++++++++++++++++++++++++++++++++++++++++++++++++++++++++++++++
split -l 20 -d -a 2 /tmp/uniq.ZGG_S52.files.tmp ZGG_S52_
# of root files in directory: 1
# of uniq files in directory: 1 /tmp/uniq.ZGG_S52.files.tmp
# of files per list: 20
new list:   ZGG_S52_00.list
++++++++++++++++++++++++++++++++++++++++++++++++++++++++++++++++++++++++++++++++++++++
Working on dataset ZGG_S56
++++++++++++++++++++++++++++++++++++++++++++++++++++++++++++++++++++++++++++++++++++++
split -l 20 -d -a 2 /tmp/uniq.ZGG_S56.files.tmp ZGG_S56_
# of root files in directory: 1
# of uniq files in directory: 1 /tmp/uniq.ZGG_S56.files.tmp
# of files per list: 20
new list:   ZGG_S56_00.list
++++++++++++++++++++++++++++++++++++++++++++++++++++++++++++++++++++++++++++++++++++++
Working on dataset ZGG_S58
++++++++++++++++++++++++++++++++++++++++++++++++++++++++++++++++++++++++++++++++++++++
split -l 20 -d -a 2 /tmp/uniq.ZGG_S58.files.tmp ZGG_S58_
# of root files in directory: 1
# of uniq files in directory: 1 /tmp/uniq.ZGG_S58.files.tmp
# of files per list: 20
new list:   ZGG_S58_00.list
++++++++++++++++++++++++++++++++++++++++++++++++++++++++++++++++++++++++++++++++++++++
Working on dataset ZGG_S60
++++++++++++++++++++++++++++++++++++++++++++++++++++++++++++++++++++++++++++++++++++++
split -l 20 -d -a 2 /tmp/uniq.ZGG_S60.files.tmp ZGG_S60_
# of root files in directory: 1
# of uniq files in directory: 1 /tmp/uniq.ZGG_S60.files.tmp
# of files per list: 20
new list:   ZGG_S60_00.list
++++++++++++++++++++++++++++++++++++++++++++++++++++++++++++++++++++++++++++++++++++++
Working on dataset ZGG_S62
++++++++++++++++++++++++++++++++++++++++++++++++++++++++++++++++++++++++++++++++++++++
split -l 20 -d -a 2 /tmp/uniq.ZGG_S62.files.tmp ZGG_S62_
# of root files in directory: 1
# of uniq files in directory: 1 /tmp/uniq.ZGG_S62.files.tmp
# of files per list: 20
new list:   ZGG_S62_00.list
++++++++++++++++++++++++++++++++++++++++++++++++++++++++++++++++++++++++++++++++++++++
Working on dataset ZGG_S66
++++++++++++++++++++++++++++++++++++++++++++++++++++++++++++++++++++++++++++++++++++++
split -l 20 -d -a 2 /tmp/uniq.ZGG_S66.files.tmp ZGG_S66_
# of root files in directory: 1
# of uniq files in directory: 1 /tmp/uniq.ZGG_S66.files.tmp
# of files per list: 20
new list:   ZGG_S66_00.list
++++++++++++++++++++++++++++++++++++++++++++++++++++++++++++++++++++++++++++++++++++++
Working on dataset ZGG_S70
++++++++++++++++++++++++++++++++++++++++++++++++++++++++++++++++++++++++++++++++++++++
split -l 20 -d -a 2 /tmp/uniq.ZGG_S70.files.tmp ZGG_S70_
# of root files in directory: 1
# of uniq files in directory: 1 /tmp/uniq.ZGG_S70.files.tmp
# of files per list: 20
new list:   ZGG_S70_00.list
++++++++++++++++++++++++++++++++++++++++++++++++++++++++++++++++++++++++++++++++++++++
Working on dataset ZGG_S72
++++++++++++++++++++++++++++++++++++++++++++++++++++++++++++++++++++++++++++++++++++++
split -l 20 -d -a 2 /tmp/uniq.ZGG_S72.files.tmp ZGG_S72_
# of root files in directory: 1
# of uniq files in directory: 1 /tmp/uniq.ZGG_S72.files.tmp
# of files per list: 20
new list:   ZGG_S72_00.list
++++++++++++++++++++++++++++++++++++++++++++++++++++++++++++++++++++++++++++++++++++++
Working on dataset ZGToLLG_8TeV-madgraph_Summer12-PU_S7_START52_V9-v1
++++++++++++++++++++++++++++++++++++++++++++++++++++++++++++++++++++++++++++++++++++++
split -l 20 -d -a 2 /tmp/uniq.ZGToLLG_8TeV-madgraph_Summer12-PU_S7_START52_V9-v1.files.tmp ZGToLLG_8TeV-madgraph_Summer12-PU_S7_START52_V9-v1_
# of root files in directory: 385
# of uniq files in directory: 385 /tmp/uniq.ZGToLLG_8TeV-madgraph_Summer12-PU_S7_START52_V9-v1.files.tmp
# of files per list: 20
new list:   ZGToLLG_8TeV-madgraph_Summer12-PU_S7_START52_V9-v1_00.list
new list:   ZGToLLG_8TeV-madgraph_Summer12-PU_S7_START52_V9-v1_01.list
new list:   ZGToLLG_8TeV-madgraph_Summer12-PU_S7_START52_V9-v1_02.list
new list:   ZGToLLG_8TeV-madgraph_Summer12-PU_S7_START52_V9-v1_03.list
new list:   ZGToLLG_8TeV-madgraph_Summer12-PU_S7_START52_V9-v1_04.list
new list:   ZGToLLG_8TeV-madgraph_Summer12-PU_S7_START52_V9-v1_05.list
new list:   ZGToLLG_8TeV-madgraph_Summer12-PU_S7_START52_V9-v1_06.list
new list:   ZGToLLG_8TeV-madgraph_Summer12-PU_S7_START52_V9-v1_07.list
new list:   ZGToLLG_8TeV-madgraph_Summer12-PU_S7_START52_V9-v1_08.list
new list:   ZGToLLG_8TeV-madgraph_Summer12-PU_S7_START52_V9-v1_09.list
new list:   ZGToLLG_8TeV-madgraph_Summer12-PU_S7_START52_V9-v1_10.list
new list:   ZGToLLG_8TeV-madgraph_Summer12-PU_S7_START52_V9-v1_11.list
new list:   ZGToLLG_8TeV-madgraph_Summer12-PU_S7_START52_V9-v1_12.list
new list:   ZGToLLG_8TeV-madgraph_Summer12-PU_S7_START52_V9-v1_13.list
new list:   ZGToLLG_8TeV-madgraph_Summer12-PU_S7_START52_V9-v1_14.list
new list:   ZGToLLG_8TeV-madgraph_Summer12-PU_S7_START52_V9-v1_15.list
new list:   ZGToLLG_8TeV-madgraph_Summer12-PU_S7_START52_V9-v1_16.list
new list:   ZGToLLG_8TeV-madgraph_Summer12-PU_S7_START52_V9-v1_17.list
new list:   ZGToLLG_8TeV-madgraph_Summer12-PU_S7_START52_V9-v1_18.list
new list:   ZGToLLG_8TeV-madgraph_Summer12-PU_S7_START52_V9-v1_19.list
++++++++++++++++++++++++++++++++++++++++++++++++++++++++++++++++++++++++++++++++++++++
Working on dataset ZG_Inclusive_8TeV-madgraph_Summer12-PU_S7_START52_V9-v1
++++++++++++++++++++++++++++++++++++++++++++++++++++++++++++++++++++++++++++++++++++++
split -l 20 -d -a 2 /tmp/uniq.ZG_Inclusive_8TeV-madgraph_Summer12-PU_S7_START52_V9-v1.files.tmp ZG_Inclusive_8TeV-madgraph_Summer12-PU_S7_START52_V9-v1_
# of root files in directory: 213
# of uniq files in directory: 213 /tmp/uniq.ZG_Inclusive_8TeV-madgraph_Summer12-PU_S7_START52_V9-v1.files.tmp
# of files per list: 20
new list:   ZG_Inclusive_8TeV-madgraph_Summer12-PU_S7_START52_V9-v1_00.list
new list:   ZG_Inclusive_8TeV-madgraph_Summer12-PU_S7_START52_V9-v1_01.list
new list:   ZG_Inclusive_8TeV-madgraph_Summer12-PU_S7_START52_V9-v1_02.list
new list:   ZG_Inclusive_8TeV-madgraph_Summer12-PU_S7_START52_V9-v1_03.list
new list:   ZG_Inclusive_8TeV-madgraph_Summer12-PU_S7_START52_V9-v1_04.list
new list:   ZG_Inclusive_8TeV-madgraph_Summer12-PU_S7_START52_V9-v1_05.list
new list:   ZG_Inclusive_8TeV-madgraph_Summer12-PU_S7_START52_V9-v1_06.list
new list:   ZG_Inclusive_8TeV-madgraph_Summer12-PU_S7_START52_V9-v1_07.list
new list:   ZG_Inclusive_8TeV-madgraph_Summer12-PU_S7_START52_V9-v1_08.list
new list:   ZG_Inclusive_8TeV-madgraph_Summer12-PU_S7_START52_V9-v1_09.list
new list:   ZG_Inclusive_8TeV-madgraph_Summer12-PU_S7_START52_V9-v1_10.list
++++++++++++++++++++++++++++++++++++++++++++++++++++++++++++++++++++++++++++++++++++++
Working on dataset ZZJetsTo2L2Nu_TuneZ2star_8TeV-madgraph-tauola_Summer12-PU_S7_START52_V9-v3
++++++++++++++++++++++++++++++++++++++++++++++++++++++++++++++++++++++++++++++++++++++
split -l 20 -d -a 2 /tmp/uniq.ZZJetsTo2L2Nu_TuneZ2star_8TeV-madgraph-tauola_Summer12-PU_S7_START52_V9-v3.files.tmp ZZJetsTo2L2Nu_TuneZ2star_8TeV-madgraph-tauola_Summer12-PU_S7_START52_V9-v3_
# of root files in directory: 65
# of uniq files in directory: 65 /tmp/uniq.ZZJetsTo2L2Nu_TuneZ2star_8TeV-madgraph-tauola_Summer12-PU_S7_START52_V9-v3.files.tmp
# of files per list: 20
new list:   ZZJetsTo2L2Nu_TuneZ2star_8TeV-madgraph-tauola_Summer12-PU_S7_START52_V9-v3_00.list
new list:   ZZJetsTo2L2Nu_TuneZ2star_8TeV-madgraph-tauola_Summer12-PU_S7_START52_V9-v3_01.list
new list:   ZZJetsTo2L2Nu_TuneZ2star_8TeV-madgraph-tauola_Summer12-PU_S7_START52_V9-v3_02.list
new list:   ZZJetsTo2L2Nu_TuneZ2star_8TeV-madgraph-tauola_Summer12-PU_S7_START52_V9-v3_03.list
++++++++++++++++++++++++++++++++++++++++++++++++++++++++++++++++++++++++++++++++++++++
Working on dataset ZZJetsTo2L2Q_TuneZ2star_8TeV-madgraph-tauola_Summer12-PU_S7_START52_V9-v3
++++++++++++++++++++++++++++++++++++++++++++++++++++++++++++++++++++++++++++++++++++++
split -l 20 -d -a 2 /tmp/uniq.ZZJetsTo2L2Q_TuneZ2star_8TeV-madgraph-tauola_Summer12-PU_S7_START52_V9-v3.files.tmp ZZJetsTo2L2Q_TuneZ2star_8TeV-madgraph-tauola_Summer12-PU_S7_START52_V9-v3_
# of root files in directory: 130
# of uniq files in directory: 130 /tmp/uniq.ZZJetsTo2L2Q_TuneZ2star_8TeV-madgraph-tauola_Summer12-PU_S7_START52_V9-v3.files.tmp
# of files per list: 20
new list:   ZZJetsTo2L2Q_TuneZ2star_8TeV-madgraph-tauola_Summer12-PU_S7_START52_V9-v3_00.list
new list:   ZZJetsTo2L2Q_TuneZ2star_8TeV-madgraph-tauola_Summer12-PU_S7_START52_V9-v3_01.list
new list:   ZZJetsTo2L2Q_TuneZ2star_8TeV-madgraph-tauola_Summer12-PU_S7_START52_V9-v3_02.list
new list:   ZZJetsTo2L2Q_TuneZ2star_8TeV-madgraph-tauola_Summer12-PU_S7_START52_V9-v3_03.list
new list:   ZZJetsTo2L2Q_TuneZ2star_8TeV-madgraph-tauola_Summer12-PU_S7_START52_V9-v3_04.list
new list:   ZZJetsTo2L2Q_TuneZ2star_8TeV-madgraph-tauola_Summer12-PU_S7_START52_V9-v3_05.list
new list:   ZZJetsTo2L2Q_TuneZ2star_8TeV-madgraph-tauola_Summer12-PU_S7_START52_V9-v3_06.list
++++++++++++++++++++++++++++++++++++++++++++++++++++++++++++++++++++++++++++++++++++++
Working on dataset ZZJetsTo4L_TuneZ2star_8TeV-madgraph-tauola_Summer12-PU_S7_START52_V9-v3
++++++++++++++++++++++++++++++++++++++++++++++++++++++++++++++++++++++++++++++++++++++
split -l 20 -d -a 2 /tmp/uniq.ZZJetsTo4L_TuneZ2star_8TeV-madgraph-tauola_Summer12-PU_S7_START52_V9-v3.files.tmp ZZJetsTo4L_TuneZ2star_8TeV-madgraph-tauola_Summer12-PU_S7_START52_V9-v3_
# of root files in directory: 343
# of uniq files in directory: 343 /tmp/uniq.ZZJetsTo4L_TuneZ2star_8TeV-madgraph-tauola_Summer12-PU_S7_START52_V9-v3.files.tmp
# of files per list: 20
new list:   ZZJetsTo4L_TuneZ2star_8TeV-madgraph-tauola_Summer12-PU_S7_START52_V9-v3_00.list
new list:   ZZJetsTo4L_TuneZ2star_8TeV-madgraph-tauola_Summer12-PU_S7_START52_V9-v3_01.list
new list:   ZZJetsTo4L_TuneZ2star_8TeV-madgraph-tauola_Summer12-PU_S7_START52_V9-v3_02.list
new list:   ZZJetsTo4L_TuneZ2star_8TeV-madgraph-tauola_Summer12-PU_S7_START52_V9-v3_03.list
new list:   ZZJetsTo4L_TuneZ2star_8TeV-madgraph-tauola_Summer12-PU_S7_START52_V9-v3_04.list
new list:   ZZJetsTo4L_TuneZ2star_8TeV-madgraph-tauola_Summer12-PU_S7_START52_V9-v3_05.list
new list:   ZZJetsTo4L_TuneZ2star_8TeV-madgraph-tauola_Summer12-PU_S7_START52_V9-v3_06.list
new list:   ZZJetsTo4L_TuneZ2star_8TeV-madgraph-tauola_Summer12-PU_S7_START52_V9-v3_07.list
new list:   ZZJetsTo4L_TuneZ2star_8TeV-madgraph-tauola_Summer12-PU_S7_START52_V9-v3_08.list
new list:   ZZJetsTo4L_TuneZ2star_8TeV-madgraph-tauola_Summer12-PU_S7_START52_V9-v3_09.list
new list:   ZZJetsTo4L_TuneZ2star_8TeV-madgraph-tauola_Summer12-PU_S7_START52_V9-v3_10.list
new list:   ZZJetsTo4L_TuneZ2star_8TeV-madgraph-tauola_Summer12-PU_S7_START52_V9-v3_11.list
new list:   ZZJetsTo4L_TuneZ2star_8TeV-madgraph-tauola_Summer12-PU_S7_START52_V9-v3_12.list
new list:   ZZJetsTo4L_TuneZ2star_8TeV-madgraph-tauola_Summer12-PU_S7_START52_V9-v3_13.list
new list:   ZZJetsTo4L_TuneZ2star_8TeV-madgraph-tauola_Summer12-PU_S7_START52_V9-v3_14.list
new list:   ZZJetsTo4L_TuneZ2star_8TeV-madgraph-tauola_Summer12-PU_S7_START52_V9-v3_15.list
new list:   ZZJetsTo4L_TuneZ2star_8TeV-madgraph-tauola_Summer12-PU_S7_START52_V9-v3_16.list
new list:   ZZJetsTo4L_TuneZ2star_8TeV-madgraph-tauola_Summer12-PU_S7_START52_V9-v3_17.list
++++++++++++++++++++++++++++++++++++++++++++++++++++++++++++++++++++++++++++++++++++++
Working on dataset ZZTo2L2Nu_TuneZ2star_8TeV_pythia6_tauola_Summer12-PU_S7_START52_V9-v1
++++++++++++++++++++++++++++++++++++++++++++++++++++++++++++++++++++++++++++++++++++++
split -l 20 -d -a 2 /tmp/uniq.ZZTo2L2Nu_TuneZ2star_8TeV_pythia6_tauola_Summer12-PU_S7_START52_V9-v1.files.tmp ZZTo2L2Nu_TuneZ2star_8TeV_pythia6_tauola_Summer12-PU_S7_START52_V9-v1_
# of root files in directory: 35
# of uniq files in directory: 35 /tmp/uniq.ZZTo2L2Nu_TuneZ2star_8TeV_pythia6_tauola_Summer12-PU_S7_START52_V9-v1.files.tmp
# of files per list: 20
new list:   ZZTo2L2Nu_TuneZ2star_8TeV_pythia6_tauola_Summer12-PU_S7_START52_V9-v1_00.list
new list:   ZZTo2L2Nu_TuneZ2star_8TeV_pythia6_tauola_Summer12-PU_S7_START52_V9-v1_01.list
++++++++++++++++++++++++++++++++++++++++++++++++++++++++++++++++++++++++++++++++++++++
Working on dataset ZZTo4L_TuneZ2star_8TeV_pythia6_tauola_Summer12-PU_S7_START52_V9-v2
++++++++++++++++++++++++++++++++++++++++++++++++++++++++++++++++++++++++++++++++++++++
split -l 20 -d -a 2 /tmp/uniq.ZZTo4L_TuneZ2star_8TeV_pythia6_tauola_Summer12-PU_S7_START52_V9-v2.files.tmp ZZTo4L_TuneZ2star_8TeV_pythia6_tauola_Summer12-PU_S7_START52_V9-v2_
# of root files in directory: 323
# of uniq files in directory: 323 /tmp/uniq.ZZTo4L_TuneZ2star_8TeV_pythia6_tauola_Summer12-PU_S7_START52_V9-v2.files.tmp
# of files per list: 20
new list:   ZZTo4L_TuneZ2star_8TeV_pythia6_tauola_Summer12-PU_S7_START52_V9-v2_00.list
new list:   ZZTo4L_TuneZ2star_8TeV_pythia6_tauola_Summer12-PU_S7_START52_V9-v2_01.list
new list:   ZZTo4L_TuneZ2star_8TeV_pythia6_tauola_Summer12-PU_S7_START52_V9-v2_02.list
new list:   ZZTo4L_TuneZ2star_8TeV_pythia6_tauola_Summer12-PU_S7_START52_V9-v2_03.list
new list:   ZZTo4L_TuneZ2star_8TeV_pythia6_tauola_Summer12-PU_S7_START52_V9-v2_04.list
new list:   ZZTo4L_TuneZ2star_8TeV_pythia6_tauola_Summer12-PU_S7_START52_V9-v2_05.list
new list:   ZZTo4L_TuneZ2star_8TeV_pythia6_tauola_Summer12-PU_S7_START52_V9-v2_06.list
new list:   ZZTo4L_TuneZ2star_8TeV_pythia6_tauola_Summer12-PU_S7_START52_V9-v2_07.list
new list:   ZZTo4L_TuneZ2star_8TeV_pythia6_tauola_Summer12-PU_S7_START52_V9-v2_08.list
new list:   ZZTo4L_TuneZ2star_8TeV_pythia6_tauola_Summer12-PU_S7_START52_V9-v2_09.list
new list:   ZZTo4L_TuneZ2star_8TeV_pythia6_tauola_Summer12-PU_S7_START52_V9-v2_10.list
new list:   ZZTo4L_TuneZ2star_8TeV_pythia6_tauola_Summer12-PU_S7_START52_V9-v2_11.list
new list:   ZZTo4L_TuneZ2star_8TeV_pythia6_tauola_Summer12-PU_S7_START52_V9-v2_12.list
new list:   ZZTo4L_TuneZ2star_8TeV_pythia6_tauola_Summer12-PU_S7_START52_V9-v2_13.list
new list:   ZZTo4L_TuneZ2star_8TeV_pythia6_tauola_Summer12-PU_S7_START52_V9-v2_14.list
new list:   ZZTo4L_TuneZ2star_8TeV_pythia6_tauola_Summer12-PU_S7_START52_V9-v2_15.list
new list:   ZZTo4L_TuneZ2star_8TeV_pythia6_tauola_Summer12-PU_S7_START52_V9-v2_16.list
++++++++++++++++++++++++++++++++++++++++++++++++++++++++++++++++++++++++++++++++++++++
Working on dataset ZZ_TuneZ2star_8TeV_pythia6_tauola_Summer12-PU_S7_START52_V9-v1
++++++++++++++++++++++++++++++++++++++++++++++++++++++++++++++++++++++++++++++++++++++
split -l 20 -d -a 2 /tmp/uniq.ZZ_TuneZ2star_8TeV_pythia6_tauola_Summer12-PU_S7_START52_V9-v1.files.tmp ZZ_TuneZ2star_8TeV_pythia6_tauola_Summer12-PU_S7_START52_V9-v1_
# of root files in directory: 656
# of uniq files in directory: 656 /tmp/uniq.ZZ_TuneZ2star_8TeV_pythia6_tauola_Summer12-PU_S7_START52_V9-v1.files.tmp
# of files per list: 20
new list:   ZZ_TuneZ2star_8TeV_pythia6_tauola_Summer12-PU_S7_START52_V9-v1_00.list
new list:   ZZ_TuneZ2star_8TeV_pythia6_tauola_Summer12-PU_S7_START52_V9-v1_01.list
new list:   ZZ_TuneZ2star_8TeV_pythia6_tauola_Summer12-PU_S7_START52_V9-v1_02.list
new list:   ZZ_TuneZ2star_8TeV_pythia6_tauola_Summer12-PU_S7_START52_V9-v1_03.list
new list:   ZZ_TuneZ2star_8TeV_pythia6_tauola_Summer12-PU_S7_START52_V9-v1_04.list
new list:   ZZ_TuneZ2star_8TeV_pythia6_tauola_Summer12-PU_S7_START52_V9-v1_05.list
new list:   ZZ_TuneZ2star_8TeV_pythia6_tauola_Summer12-PU_S7_START52_V9-v1_06.list
new list:   ZZ_TuneZ2star_8TeV_pythia6_tauola_Summer12-PU_S7_START52_V9-v1_07.list
new list:   ZZ_TuneZ2star_8TeV_pythia6_tauola_Summer12-PU_S7_START52_V9-v1_08.list
new list:   ZZ_TuneZ2star_8TeV_pythia6_tauola_Summer12-PU_S7_START52_V9-v1_09.list
new list:   ZZ_TuneZ2star_8TeV_pythia6_tauola_Summer12-PU_S7_START52_V9-v1_10.list
new list:   ZZ_TuneZ2star_8TeV_pythia6_tauola_Summer12-PU_S7_START52_V9-v1_11.list
new list:   ZZ_TuneZ2star_8TeV_pythia6_tauola_Summer12-PU_S7_START52_V9-v1_12.list
new list:   ZZ_TuneZ2star_8TeV_pythia6_tauola_Summer12-PU_S7_START52_V9-v1_13.list
new list:   ZZ_TuneZ2star_8TeV_pythia6_tauola_Summer12-PU_S7_START52_V9-v1_14.list
new list:   ZZ_TuneZ2star_8TeV_pythia6_tauola_Summer12-PU_S7_START52_V9-v1_15.list
new list:   ZZ_TuneZ2star_8TeV_pythia6_tauola_Summer12-PU_S7_START52_V9-v1_16.list
new list:   ZZ_TuneZ2star_8TeV_pythia6_tauola_Summer12-PU_S7_START52_V9-v1_17.list
new list:   ZZ_TuneZ2star_8TeV_pythia6_tauola_Summer12-PU_S7_START52_V9-v1_18.list
new list:   ZZ_TuneZ2star_8TeV_pythia6_tauola_Summer12-PU_S7_START52_V9-v1_19.list
new list:   ZZ_TuneZ2star_8TeV_pythia6_tauola_Summer12-PU_S7_START52_V9-v1_20.list
new list:   ZZ_TuneZ2star_8TeV_pythia6_tauola_Summer12-PU_S7_START52_V9-v1_21.list
new list:   ZZ_TuneZ2star_8TeV_pythia6_tauola_Summer12-PU_S7_START52_V9-v1_22.list
new list:   ZZ_TuneZ2star_8TeV_pythia6_tauola_Summer12-PU_S7_START52_V9-v1_23.list
new list:   ZZ_TuneZ2star_8TeV_pythia6_tauola_Summer12-PU_S7_START52_V9-v1_24.list
new list:   ZZ_TuneZ2star_8TeV_pythia6_tauola_Summer12-PU_S7_START52_V9-v1_25.list
new list:   ZZ_TuneZ2star_8TeV_pythia6_tauola_Summer12-PU_S7_START52_V9-v1_26.list
new list:   ZZ_TuneZ2star_8TeV_pythia6_tauola_Summer12-PU_S7_START52_V9-v1_27.list
new list:   ZZ_TuneZ2star_8TeV_pythia6_tauola_Summer12-PU_S7_START52_V9-v1_28.list
new list:   ZZ_TuneZ2star_8TeV_pythia6_tauola_Summer12-PU_S7_START52_V9-v1_29.list
new list:   ZZ_TuneZ2star_8TeV_pythia6_tauola_Summer12-PU_S7_START52_V9-v1_30.list
new list:   ZZ_TuneZ2star_8TeV_pythia6_tauola_Summer12-PU_S7_START52_V9-v1_31.list
new list:   ZZ_TuneZ2star_8TeV_pythia6_tauola_Summer12-PU_S7_START52_V9-v1_32.list
